dh_installinit
dh_strip
dh_lintian
dh_fixperms
dh_installdeb
dh_gencontrol
dh_md5sums
dh_builddeb
dh_builddeb
dh_installinit
dh_strip
dh_lintian
dh_fixperms
dh_installdeb
dh_gencontrol
dh_md5sums
dh_builddeb
dh_builddeb
dh_installinit
dh_strip
dh_lintian
dh_fixperms
dh_installdeb
dh_gencontrol
dh_md5sums
dh_builddeb
dh_builddeb
dh_installinit
dh_strip
dh_lintian
dh_fixperms
dh_installdeb
dh_gencontrol
dh_md5sums
dh_builddeb
dh_builddeb
dh_installinit
dh_strip
dh_lintian
dh_fixperms
dh_installdeb
dh_gencontrol
dh_md5sums
dh_builddeb
dh_builddeb
dh_installinit
dh_strip
dh_lintian
dh_fixperms
dh_installdeb
dh_gencontrol
dh_md5sums
dh_builddeb
dh_builddeb
dh_installinit
dh_strip
dh_lintian
dh_fixperms
dh_installdeb
dh_gencontrol
dh_md5sums
dh_builddeb
dh_builddeb
